<?xml version="1.0" encoding="UTF-8"?>
<!-- Generated by org.testng.reporters.JUnitReportReporter -->
<testsuite hostname="DESKTOP-9EVMKMK" failures="0" tests="1" name="dakacademy.pageobjects.BaseTest" time="13.519" errors="0" timestamp="2024-12-12T21:50:50 IST" skipped="0">
  <testcase classname="dakacademy.pageobjects.BaseTest" name="initializeBrowser" time="13.519"/>
</testsuite> <!-- dakacademy.pageobjects.BaseTest -->
