<?xml version="1.0" encoding="UTF-8"?>
<!-- Generated by org.testng.reporters.JUnitReportReporter -->
<testsuite hostname="DESKTOP-9EVMKMK" failures="0" tests="1" name="dakacademy.pageobjects.AmazonTest" time="2.863" errors="0" timestamp="2024-12-17T00:29:52 IST" skipped="0">
  <testcase classname="dakacademy.pageobjects.AmazonTest" name="newTest" time="2.863"/>
</testsuite> <!-- dakacademy.pageobjects.AmazonTest -->
