<?xml version="1.0" encoding="UTF-8"?>
<!-- Generated by org.testng.reporters.JUnitReportReporter -->
<testsuite hostname="DESKTOP-9EVMKMK" failures="0" tests="6" name="testNG.day3" time="0.011" errors="0" timestamp="2024-12-10T00:01:43 IST" skipped="0">
  <testcase classname="testNG.day3" name="ReportTest" time="0.001"/>
  <testcase classname="testNG.day3" name="LoginApiCarLoan" time="0.002"/>
  <testcase classname="testNG.day3" name="WebloginCarLoan" time="0.002"/>
  <testcase classname="testNG.day3" name="dataProviderDemo" time="0.003"/>
  <testcase classname="testNG.day3" name="dataProviderDemo" time="0.001"/>
  <testcase classname="testNG.day3" name="dataProviderDemo" time="0.002"/>
</testsuite> <!-- testNG.day3 -->
