<?xml version="1.0" encoding="UTF-8"?>
<!-- Generated by org.testng.reporters.JUnitReportReporter -->
<testsuite hostname="DESKTOP-9EVMKMK" failures="0" tests="2" name="testNG.day2" time="0.004" errors="0" timestamp="2024-12-10T00:01:43 IST" skipped="0">
  <testcase classname="testNG.day2" name="GroupsDemoday2" time="0.002"/>
  <testcase classname="testNG.day2" name="Ploan" time="0.002"/>
</testsuite> <!-- testNG.day2 -->
