<?xml version="1.0" encoding="UTF-8"?>
<!-- Generated by org.testng.reporters.JUnitReportReporter -->
<testsuite hostname="DESKTOP-9EVMKMK" failures="0" tests="3" name="testNG.day1" time="0.020" errors="0" timestamp="2024-12-10T00:01:43 IST" skipped="0">
  <testcase classname="testNG.day1" name="SecondTest" time="0.004"/>
  <testcase classname="testNG.day1" name="GroupsDemo" time="0.005"/>
  <testcase classname="testNG.day1" name="Demo" time="0.011"/>
</testsuite> <!-- testNG.day1 -->
