<?xml version="1.0" encoding="UTF-8"?>
<!-- Generated by org.testng.reporters.JUnitReportReporter -->
<testsuite hostname="DESKTOP-9EVMKMK" failures="0" tests="1" name="testNG.HeadlessBrowser" time="4.110" errors="0" timestamp="2024-12-18T00:02:10 IST" skipped="0">
  <testcase classname="testNG.HeadlessBrowser" name="headTest" time="4.110"/>
</testsuite> <!-- testNG.HeadlessBrowser -->
