<?xml version="1.0" encoding="UTF-8"?>
<!-- Generated by org.testng.reporters.JUnitReportReporter -->
<testsuite hostname="DESKTOP-9EVMKMK" failures="0" tests="1" name="InheritChild" time="0.021" errors="0" timestamp="2024-12-10T18:38:49 IST" skipped="0">
  <testcase classname="InheritChild" name="inhtest" time="0.021"/>
</testsuite> <!-- InheritChild -->
